<?xml version="1.0" encoding="UTF-8"?><testrun name="java" project="z-tech-conta-bancodigital" tests="13" started="13" failures="0" errors="1" ignored="0">
  <testsuite name="br.com.ztech.service.DepositarServiceTest" time="0.001" displayname="DepositarServiceTest" uniqueid="[engine:junit-vintage]/[runner:br.com.ztech.service.DepositarServiceTest]">
    <testcase name="br.com.ztech.service.DepositarServiceTest" classname="br.com.ztech.service.DepositarServiceTest" time="0.001" displayname="initializationError" uniqueid="[engine:junit-vintage]/[runner:br.com.ztech.service.DepositarServiceTest]/[test:initializationError(br.com.ztech.service.DepositarServiceTest)]">
      <error>java.lang.Exception: Method depositarTest() should be public&#13;
	at org.junit.runners.model.FrameworkMethod.validatePublicVoid(FrameworkMethod.java:96)&#13;
	at org.junit.runners.model.FrameworkMethod.validatePublicVoidNoArg(FrameworkMethod.java:74)&#13;
	at org.junit.runners.ParentRunner.validatePublicVoidNoArgMethods(ParentRunner.java:155)&#13;
	at org.junit.runners.BlockJUnit4ClassRunner.validateTestMethods(BlockJUnit4ClassRunner.java:208)&#13;
	at org.junit.runners.BlockJUnit4ClassRunner.validateInstanceMethods(BlockJUnit4ClassRunner.java:188)&#13;
	at org.junit.runners.BlockJUnit4ClassRunner.collectInitializationErrors(BlockJUnit4ClassRunner.java:128)&#13;
	at org.junit.runners.ParentRunner.validate(ParentRunner.java:416)&#13;
	at org.junit.runners.ParentRunner.&lt;init&gt;(ParentRunner.java:84)&#13;
	at org.junit.runners.BlockJUnit4ClassRunner.&lt;init&gt;(BlockJUnit4ClassRunner.java:65)&#13;
	at org.junit.internal.builders.JUnit4Builder.runnerForClass(JUnit4Builder.java:10)&#13;
	at org.junit.vintage.engine.discovery.DefensiveAllDefaultPossibilitiesBuilder$DefensiveJUnit4Builder.runnerForClass(DefensiveAllDefaultPossibilitiesBuilder.java:128)&#13;
	at org.junit.runners.model.RunnerBuilder.safeRunnerForClass(RunnerBuilder.java:59)&#13;
	at org.junit.internal.builders.AllDefaultPossibilitiesBuilder.runnerForClass(AllDefaultPossibilitiesBuilder.java:26)&#13;
	at org.junit.vintage.engine.discovery.DefensiveAllDefaultPossibilitiesBuilder.runnerForClass(DefensiveAllDefaultPossibilitiesBuilder.java:56)&#13;
	at org.junit.runners.model.RunnerBuilder.safeRunnerForClass(RunnerBuilder.java:59)&#13;
	at org.junit.vintage.engine.discovery.ClassSelectorResolver.resolveTestClass(ClassSelectorResolver.java:66)&#13;
	at org.junit.vintage.engine.discovery.ClassSelectorResolver.resolve(ClassSelectorResolver.java:47)&#13;
	at org.junit.platform.engine.support.discovery.EngineDiscoveryRequestResolution.lambda$resolve$2(EngineDiscoveryRequestResolution.java:129)&#13;
	at java.base/java.util.stream.ReferencePipeline$3$1.accept(ReferencePipeline.java:195)&#13;
	at java.base/java.util.ArrayList$ArrayListSpliterator.tryAdvance(ArrayList.java:1602)&#13;
	at java.base/java.util.stream.ReferencePipeline.forEachWithCancel(ReferencePipeline.java:127)&#13;
	at java.base/java.util.stream.AbstractPipeline.copyIntoWithCancel(AbstractPipeline.java:502)&#13;
	at java.base/java.util.stream.AbstractPipeline.copyInto(AbstractPipeline.java:488)&#13;
	at java.base/java.util.stream.AbstractPipeline.wrapAndCopyInto(AbstractPipeline.java:474)&#13;
	at java.base/java.util.stream.FindOps$FindOp.evaluateSequential(FindOps.java:150)&#13;
	at java.base/java.util.stream.AbstractPipeline.evaluate(AbstractPipeline.java:234)&#13;
	at java.base/java.util.stream.ReferencePipeline.findFirst(ReferencePipeline.java:543)&#13;
	at org.junit.platform.engine.support.discovery.EngineDiscoveryRequestResolution.resolve(EngineDiscoveryRequestResolution.java:174)&#13;
	at org.junit.platform.engine.support.discovery.EngineDiscoveryRequestResolution.resolve(EngineDiscoveryRequestResolution.java:120)&#13;
	at org.junit.platform.engine.support.discovery.EngineDiscoveryRequestResolution.resolveCompletely(EngineDiscoveryRequestResolution.java:87)&#13;
	at org.junit.platform.engine.support.discovery.EngineDiscoveryRequestResolution.run(EngineDiscoveryRequestResolution.java:80)&#13;
	at org.junit.platform.engine.support.discovery.EngineDiscoveryRequestResolver.resolve(EngineDiscoveryRequestResolver.java:112)&#13;
	at org.junit.vintage.engine.discovery.VintageDiscoverer.discover(VintageDiscoverer.java:42)&#13;
	at org.junit.vintage.engine.VintageTestEngine.discover(VintageTestEngine.java:62)&#13;
	at org.junit.platform.launcher.core.DefaultLauncher.discoverEngineRoot(DefaultLauncher.java:177)&#13;
	at org.junit.platform.launcher.core.DefaultLauncher.discoverRoot(DefaultLauncher.java:164)&#13;
	at org.junit.platform.launcher.core.DefaultLauncher.discover(DefaultLauncher.java:120)&#13;
	at org.eclipse.jdt.internal.junit5.runner.JUnit5TestReference.&lt;init&gt;(JUnit5TestReference.java:46)&#13;
	at org.eclipse.jdt.internal.junit5.runner.JUnit5TestLoader.createTest(JUnit5TestLoader.java:96)&#13;
	at org.eclipse.jdt.internal.junit5.runner.JUnit5TestLoader.loadTests(JUnit5TestLoader.java:48)&#13;
	at org.eclipse.jdt.internal.junit.runner.RemoteTestRunner.runTests(RemoteTestRunner.java:526)&#13;
	at org.eclipse.jdt.internal.junit.runner.RemoteTestRunner.runTests(RemoteTestRunner.java:770)&#13;
	at org.eclipse.jdt.internal.junit.runner.RemoteTestRunner.run(RemoteTestRunner.java:464)&#13;
	at org.eclipse.jdt.internal.junit.runner.RemoteTestRunner.main(RemoteTestRunner.java:210)&#13;
&#13;
</error>
    </testcase>
  </testsuite>
  <testsuite name="br.com.ztech.repository.ContaRepositoryTest" time="0.845" displayname="ContaRepositoryTest" uniqueid="[engine:junit-vintage]/[runner:br.com.ztech.repository.ContaRepositoryTest]">
    <testcase name="contaFindByClienteCpfTest" classname="br.com.ztech.repository.ContaRepositoryTest" time="0.585" displayname="contaFindByClienteCpfTest" uniqueid="[engine:junit-vintage]/[runner:br.com.ztech.repository.ContaRepositoryTest]/[test:contaFindByClienteCpfTest(br.com.ztech.repository.ContaRepositoryTest)]"/>
    <testcase name="contafindByAgenciaAndNumeroContaTest" classname="br.com.ztech.repository.ContaRepositoryTest" time="0.241" displayname="contafindByAgenciaAndNumeroContaTest" uniqueid="[engine:junit-vintage]/[runner:br.com.ztech.repository.ContaRepositoryTest]/[test:contafindByAgenciaAndNumeroContaTest(br.com.ztech.repository.ContaRepositoryTest)]"/>
    <testcase name="saveContaTest" classname="br.com.ztech.repository.ContaRepositoryTest" time="0.019" displayname="saveContaTest" uniqueid="[engine:junit-vintage]/[runner:br.com.ztech.repository.ContaRepositoryTest]/[test:saveContaTest(br.com.ztech.repository.ContaRepositoryTest)]"/>
  </testsuite>
  <testsuite name="br.com.ztech.repository.TransacaoRepositoryTest" time="0.069" displayname="TransacaoRepositoryTest" uniqueid="[engine:junit-vintage]/[runner:br.com.ztech.repository.TransacaoRepositoryTest]">
    <testcase name="saveTransacaoTest" classname="br.com.ztech.repository.TransacaoRepositoryTest" time="0.069" displayname="saveTransacaoTest" uniqueid="[engine:junit-vintage]/[runner:br.com.ztech.repository.TransacaoRepositoryTest]/[test:saveTransacaoTest(br.com.ztech.repository.TransacaoRepositoryTest)]"/>
  </testsuite>
  <testsuite name="br.com.ztech.repository.ClienteRepositoryTest" time="9.006" displayname="ClienteRepositoryTest" uniqueid="[engine:junit-vintage]/[runner:br.com.ztech.repository.ClienteRepositoryTest]">
    <testcase name="saveAndfindByCpfTest" classname="br.com.ztech.repository.ClienteRepositoryTest" time="9.006" displayname="saveAndfindByCpfTest" uniqueid="[engine:junit-vintage]/[runner:br.com.ztech.repository.ClienteRepositoryTest]/[test:saveAndfindByCpfTest(br.com.ztech.repository.ClienteRepositoryTest)]"/>
  </testsuite>
  <testsuite name="br.com.ztech.controller.DepositarControllerTest" time="9.361" displayname="DepositarControllerTest" uniqueid="[engine:junit-vintage]/[runner:br.com.ztech.controller.DepositarControllerTest]">
    <testcase name="depositarTest" classname="br.com.ztech.controller.DepositarControllerTest" time="9.361" displayname="depositarTest" uniqueid="[engine:junit-vintage]/[runner:br.com.ztech.controller.DepositarControllerTest]/[test:depositarTest(br.com.ztech.controller.DepositarControllerTest)]"/>
  </testsuite>
  <testsuite name="br.com.ztech.controller.TransferirControllerTest" time="8.661" displayname="TransferirControllerTest" uniqueid="[engine:junit-vintage]/[runner:br.com.ztech.controller.TransferirControllerTest]">
    <testcase name="transferirTest" classname="br.com.ztech.controller.TransferirControllerTest" time="8.661" displayname="transferirTest" uniqueid="[engine:junit-vintage]/[runner:br.com.ztech.controller.TransferirControllerTest]/[test:transferirTest(br.com.ztech.controller.TransferirControllerTest)]"/>
  </testsuite>
  <testsuite name="br.com.ztech.controller.RetirarControllerTest" time="7.193" displayname="RetirarControllerTest" uniqueid="[engine:junit-vintage]/[runner:br.com.ztech.controller.RetirarControllerTest]">
    <testcase name="retirarTest" classname="br.com.ztech.controller.RetirarControllerTest" time="0.246" displayname="retirarTest" uniqueid="[engine:junit-vintage]/[runner:br.com.ztech.controller.RetirarControllerTest]/[test:retirarTest(br.com.ztech.controller.RetirarControllerTest)]"/>
    <testcase name="depositarAndRetirarTest" classname="br.com.ztech.controller.RetirarControllerTest" time="6.947" displayname="depositarAndRetirarTest" uniqueid="[engine:junit-vintage]/[runner:br.com.ztech.controller.RetirarControllerTest]/[test:depositarAndRetirarTest(br.com.ztech.controller.RetirarControllerTest)]"/>
  </testsuite>
  <testsuite name="br.com.ztech.controller.ContaControllerTest" time="6.212" displayname="ContaControllerTest" uniqueid="[engine:junit-vintage]/[runner:br.com.ztech.controller.ContaControllerTest]">
    <testcase name="abrirContaTest" classname="br.com.ztech.controller.ContaControllerTest" time="0.327" displayname="abrirContaTest" uniqueid="[engine:junit-vintage]/[runner:br.com.ztech.controller.ContaControllerTest]/[test:abrirContaTest(br.com.ztech.controller.ContaControllerTest)]"/>
    <testcase name="contaTest" classname="br.com.ztech.controller.ContaControllerTest" time="5.884" displayname="contaTest" uniqueid="[engine:junit-vintage]/[runner:br.com.ztech.controller.ContaControllerTest]/[test:contaTest(br.com.ztech.controller.ContaControllerTest)]"/>
  </testsuite>
  <testsuite name="br.com.ztech.ZTechBancoApplicationTests" time="0.023" displayname="ZTechBancoApplicationTests" uniqueid="[engine:junit-jupiter]/[class:br.com.ztech.ZTechBancoApplicationTests]">
    <testcase name="contextLoads" classname="br.com.ztech.ZTechBancoApplicationTests" time="0.023" displayname="contextLoads()" uniqueid="[engine:junit-jupiter]/[class:br.com.ztech.ZTechBancoApplicationTests]/[method:contextLoads()]"/>
  </testsuite>
</testrun>
